{"/mnt/c/users/danii/desktop/2proj/frontend-project-46/src/genDiff.js": {"path":"/mnt/c/users/danii/desktop/2proj/frontend-project-46/src/genDiff.js","all":false,"statementMap":{"0":{"start":{"line":1,"column":0},"end":{"line":1,"column":23}},"1":{"start":{"line":2,"column":0},"end":{"line":2,"column":39}},"2":{"start":{"line":3,"column":0},"end":{"line":3,"column":36}},"3":{"start":{"line":4,"column":0},"end":{"line":4,"column":0}},"4":{"start":{"line":5,"column":0},"end":{"line":5,"column":41}},"5":{"start":{"line":6,"column":0},"end":{"line":6,"column":0}},"6":{"start":{"line":7,"column":0},"end":{"line":7,"column":43}},"7":{"start":{"line":8,"column":0},"end":{"line":8,"column":72}},"8":{"start":{"line":9,"column":0},"end":{"line":9,"column":72}},"9":{"start":{"line":10,"column":0},"end":{"line":10,"column":0}},"10":{"start":{"line":11,"column":0},"end":{"line":11,"column":46}},"11":{"start":{"line":12,"column":0},"end":{"line":12,"column":46}},"12":{"start":{"line":13,"column":0},"end":{"line":13,"column":66}},"13":{"start":{"line":14,"column":0},"end":{"line":14,"column":0}},"14":{"start":{"line":15,"column":0},"end":{"line":15,"column":39}},"15":{"start":{"line":16,"column":0},"end":{"line":16,"column":72}},"16":{"start":{"line":17,"column":0},"end":{"line":17,"column":22}},"17":{"start":{"line":18,"column":0},"end":{"line":18,"column":52}},"18":{"start":{"line":19,"column":0},"end":{"line":19,"column":39}},"19":{"start":{"line":20,"column":0},"end":{"line":20,"column":67}},"20":{"start":{"line":21,"column":0},"end":{"line":21,"column":50}},"21":{"start":{"line":22,"column":0},"end":{"line":22,"column":23}},"22":{"start":{"line":23,"column":0},"end":{"line":23,"column":81}},"23":{"start":{"line":24,"column":0},"end":{"line":24,"column":13}},"24":{"start":{"line":25,"column":0},"end":{"line":25,"column":16}},"25":{"start":{"line":26,"column":0},"end":{"line":26,"column":66}},"26":{"start":{"line":27,"column":0},"end":{"line":27,"column":9}},"27":{"start":{"line":28,"column":0},"end":{"line":28,"column":77}},"28":{"start":{"line":29,"column":0},"end":{"line":29,"column":65}},"29":{"start":{"line":30,"column":0},"end":{"line":30,"column":77}},"30":{"start":{"line":31,"column":0},"end":{"line":31,"column":67}},"31":{"start":{"line":32,"column":0},"end":{"line":32,"column":7}},"32":{"start":{"line":33,"column":0},"end":{"line":33,"column":5}},"33":{"start":{"line":34,"column":0},"end":{"line":34,"column":18}},"34":{"start":{"line":35,"column":0},"end":{"line":35,"column":4}},"35":{"start":{"line":36,"column":0},"end":{"line":36,"column":0}},"36":{"start":{"line":37,"column":0},"end":{"line":37,"column":75}},"37":{"start":{"line":38,"column":0},"end":{"line":38,"column":0}},"38":{"start":{"line":39,"column":0},"end":{"line":39,"column":39}},"39":{"start":{"line":40,"column":0},"end":{"line":40,"column":23}},"40":{"start":{"line":41,"column":0},"end":{"line":41,"column":52}},"41":{"start":{"line":42,"column":0},"end":{"line":42,"column":35}},"42":{"start":{"line":43,"column":0},"end":{"line":43,"column":27}},"43":{"start":{"line":44,"column":0},"end":{"line":44,"column":16}},"44":{"start":{"line":45,"column":0},"end":{"line":45,"column":61}},"45":{"start":{"line":46,"column":0},"end":{"line":46,"column":16}},"46":{"start":{"line":47,"column":0},"end":{"line":47,"column":15}},"47":{"start":{"line":48,"column":0},"end":{"line":48,"column":61}},"48":{"start":{"line":49,"column":0},"end":{"line":49,"column":16}},"49":{"start":{"line":50,"column":0},"end":{"line":50,"column":15}},"50":{"start":{"line":51,"column":0},"end":{"line":51,"column":97}},"51":{"start":{"line":52,"column":0},"end":{"line":52,"column":16}},"52":{"start":{"line":53,"column":0},"end":{"line":53,"column":15}},"53":{"start":{"line":54,"column":0},"end":{"line":54,"column":64}},"54":{"start":{"line":55,"column":0},"end":{"line":55,"column":16}},"55":{"start":{"line":56,"column":0},"end":{"line":56,"column":16}},"56":{"start":{"line":57,"column":0},"end":{"line":57,"column":19}},"57":{"start":{"line":58,"column":0},"end":{"line":58,"column":7}},"58":{"start":{"line":59,"column":0},"end":{"line":59,"column":5}},"59":{"start":{"line":60,"column":0},"end":{"line":60,"column":18}},"60":{"start":{"line":61,"column":0},"end":{"line":61,"column":18}},"61":{"start":{"line":62,"column":0},"end":{"line":62,"column":4}},"62":{"start":{"line":63,"column":0},"end":{"line":63,"column":0}},"63":{"start":{"line":64,"column":0},"end":{"line":64,"column":30}},"64":{"start":{"line":65,"column":0},"end":{"line":65,"column":2}},"65":{"start":{"line":66,"column":0},"end":{"line":66,"column":23}}},"s":{"0":1,"1":1,"2":1,"3":1,"4":1,"5":1,"6":1,"7":1,"8":1,"9":1,"10":1,"11":1,"12":1,"13":1,"14":1,"15":1,"16":1,"17":1,"18":1,"19":5,"20":4,"21":3,"22":3,"23":3,"24":4,"25":1,"26":1,"27":5,"28":0,"29":1,"30":1,"31":1,"32":5,"33":1,"34":1,"35":1,"36":1,"37":1,"38":1,"39":1,"40":1,"41":1,"42":5,"43":5,"44":0,"45":0,"46":5,"47":1,"48":1,"49":5,"50":3,"51":3,"52":5,"53":1,"54":1,"55":5,"56":0,"57":5,"58":5,"59":1,"60":1,"61":1,"62":1,"63":1,"64":1,"65":1},"branchMap":{"0":{"type":"branch","line":5,"loc":{"start":{"line":5,"column":15},"end":{"line":5,"column":40}},"locations":[{"start":{"line":5,"column":15},"end":{"line":5,"column":40}}]},"1":{"type":"branch","line":7,"loc":{"start":{"line":7,"column":16},"end":{"line":65,"column":2}},"locations":[{"start":{"line":7,"column":16},"end":{"line":65,"column":2}}]},"2":{"type":"branch","line":16,"loc":{"start":{"line":16,"column":25},"end":{"line":35,"column":3}},"locations":[{"start":{"line":16,"column":25},"end":{"line":35,"column":3}}]},"3":{"type":"branch","line":19,"loc":{"start":{"line":19,"column":38},"end":{"line":33,"column":5}},"locations":[{"start":{"line":19,"column":38},"end":{"line":33,"column":5}}]},"4":{"type":"branch","line":20,"loc":{"start":{"line":20,"column":35},"end":{"line":20,"column":64}},"locations":[{"start":{"line":20,"column":35},"end":{"line":20,"column":64}}]},"5":{"type":"branch","line":20,"loc":{"start":{"line":20,"column":66},"end":{"line":28,"column":7}},"locations":[{"start":{"line":20,"column":66},"end":{"line":28,"column":7}}]},"6":{"type":"branch","line":21,"loc":{"start":{"line":21,"column":49},"end":{"line":25,"column":9}},"locations":[{"start":{"line":21,"column":49},"end":{"line":25,"column":9}}]},"7":{"type":"branch","line":25,"loc":{"start":{"line":25,"column":9},"end":{"line":27,"column":9}},"locations":[{"start":{"line":25,"column":9},"end":{"line":27,"column":9}}]},"8":{"type":"branch","line":28,"loc":{"start":{"line":28,"column":7},"end":{"line":32,"column":7}},"locations":[{"start":{"line":28,"column":7},"end":{"line":32,"column":7}}]},"9":{"type":"branch","line":28,"loc":{"start":{"line":28,"column":42},"end":{"line":28,"column":74}},"locations":[{"start":{"line":28,"column":42},"end":{"line":28,"column":74}}]},"10":{"type":"branch","line":28,"loc":{"start":{"line":28,"column":76},"end":{"line":30,"column":7}},"locations":[{"start":{"line":28,"column":76},"end":{"line":30,"column":7}}]},"11":{"type":"branch","line":39,"loc":{"start":{"line":39,"column":23},"end":{"line":62,"column":3}},"locations":[{"start":{"line":39,"column":23},"end":{"line":62,"column":3}}]},"12":{"type":"branch","line":42,"loc":{"start":{"line":42,"column":34},"end":{"line":59,"column":5}},"locations":[{"start":{"line":42,"column":34},"end":{"line":59,"column":5}}]},"13":{"type":"branch","line":44,"loc":{"start":{"line":44,"column":8},"end":{"line":46,"column":16}},"locations":[{"start":{"line":44,"column":8},"end":{"line":46,"column":16}}]},"14":{"type":"branch","line":47,"loc":{"start":{"line":47,"column":8},"end":{"line":49,"column":16}},"locations":[{"start":{"line":47,"column":8},"end":{"line":49,"column":16}}]},"15":{"type":"branch","line":50,"loc":{"start":{"line":50,"column":8},"end":{"line":52,"column":16}},"locations":[{"start":{"line":50,"column":8},"end":{"line":52,"column":16}}]},"16":{"type":"branch","line":53,"loc":{"start":{"line":53,"column":8},"end":{"line":55,"column":16}},"locations":[{"start":{"line":53,"column":8},"end":{"line":55,"column":16}}]},"17":{"type":"branch","line":56,"loc":{"start":{"line":56,"column":8},"end":{"line":57,"column":19}},"locations":[{"start":{"line":56,"column":8},"end":{"line":57,"column":19}}]}},"b":{"0":[2],"1":[1],"2":[1],"3":[5],"4":[4],"5":[4],"6":[3],"7":[1],"8":[1],"9":[0],"10":[0],"11":[1],"12":[5],"13":[0],"14":[1],"15":[3],"16":[1],"17":[0]},"fnMap":{"0":{"name":"parse","decl":{"start":{"line":5,"column":15},"end":{"line":5,"column":40}},"loc":{"start":{"line":5,"column":15},"end":{"line":5,"column":40}},"line":5},"1":{"name":"genDiff","decl":{"start":{"line":7,"column":16},"end":{"line":65,"column":2}},"loc":{"start":{"line":7,"column":16},"end":{"line":65,"column":2}},"line":7},"2":{"name":"findDifference","decl":{"start":{"line":16,"column":25},"end":{"line":35,"column":3}},"loc":{"start":{"line":16,"column":25},"end":{"line":35,"column":3}},"line":16},"3":{"name":"buildResult","decl":{"start":{"line":39,"column":23},"end":{"line":62,"column":3}},"loc":{"start":{"line":39,"column":23},"end":{"line":62,"column":3}},"line":39}},"f":{"0":2,"1":1,"2":1,"3":1}}
}
