{"/mnt/c/users/danii/desktop/2proj/frontend-project-46/src/genDiff.js": {"path":"/mnt/c/users/danii/desktop/2proj/frontend-project-46/src/genDiff.js","all":false,"statementMap":{"0":{"start":{"line":1,"column":0},"end":{"line":1,"column":39}},"1":{"start":{"line":2,"column":0},"end":{"line":2,"column":45}},"2":{"start":{"line":3,"column":0},"end":{"line":3,"column":34}},"3":{"start":{"line":4,"column":0},"end":{"line":4,"column":45}},"4":{"start":{"line":5,"column":0},"end":{"line":5,"column":50}},"5":{"start":{"line":6,"column":0},"end":{"line":6,"column":0}},"6":{"start":{"line":7,"column":0},"end":{"line":7,"column":0}},"7":{"start":{"line":8,"column":0},"end":{"line":8,"column":53}},"8":{"start":{"line":9,"column":0},"end":{"line":9,"column":0}},"9":{"start":{"line":10,"column":0},"end":{"line":10,"column":115}},"10":{"start":{"line":11,"column":0},"end":{"line":11,"column":0}},"11":{"start":{"line":12,"column":0},"end":{"line":12,"column":63}},"12":{"start":{"line":13,"column":0},"end":{"line":13,"column":45}},"13":{"start":{"line":14,"column":0},"end":{"line":14,"column":45}},"14":{"start":{"line":15,"column":0},"end":{"line":15,"column":2}},"15":{"start":{"line":16,"column":0},"end":{"line":16,"column":63}},"16":{"start":{"line":17,"column":0},"end":{"line":17,"column":0}},"17":{"start":{"line":18,"column":0},"end":{"line":18,"column":50}},"18":{"start":{"line":19,"column":0},"end":{"line":19,"column":2}},"19":{"start":{"line":20,"column":0},"end":{"line":20,"column":0}},"20":{"start":{"line":21,"column":0},"end":{"line":21,"column":23}}},"s":{"0":1,"1":1,"2":1,"3":1,"4":1,"5":1,"6":1,"7":1,"8":1,"9":1,"10":1,"11":1,"12":6,"13":6,"14":6,"15":6,"16":6,"17":6,"18":6,"19":1,"20":1},"branchMap":{"0":{"type":"branch","line":8,"loc":{"start":{"line":8,"column":22},"end":{"line":8,"column":52}},"locations":[{"start":{"line":8,"column":22},"end":{"line":8,"column":52}}]},"1":{"type":"branch","line":10,"loc":{"start":{"line":10,"column":23},"end":{"line":10,"column":114}},"locations":[{"start":{"line":10,"column":23},"end":{"line":10,"column":114}}]},"2":{"type":"branch","line":12,"loc":{"start":{"line":12,"column":16},"end":{"line":19,"column":2}},"locations":[{"start":{"line":12,"column":16},"end":{"line":19,"column":2}}]}},"b":{"0":[12],"1":[12],"2":[6]},"fnMap":{"0":{"name":"getExtension","decl":{"start":{"line":8,"column":22},"end":{"line":8,"column":52}},"loc":{"start":{"line":8,"column":22},"end":{"line":8,"column":52}},"line":8},"1":{"name":"getParsedData","decl":{"start":{"line":10,"column":23},"end":{"line":10,"column":114}},"loc":{"start":{"line":10,"column":23},"end":{"line":10,"column":114}},"line":10},"2":{"name":"genDiff","decl":{"start":{"line":12,"column":16},"end":{"line":19,"column":2}},"loc":{"start":{"line":12,"column":16},"end":{"line":19,"column":2}},"line":12}},"f":{"0":12,"1":12,"2":6}}
,"/mnt/c/users/danii/desktop/2proj/frontend-project-46/src/parsers.js": {"path":"/mnt/c/users/danii/desktop/2proj/frontend-project-46/src/parsers.js","all":false,"statementMap":{"0":{"start":{"line":1,"column":0},"end":{"line":1,"column":27}},"1":{"start":{"line":2,"column":0},"end":{"line":2,"column":0}},"2":{"start":{"line":3,"column":0},"end":{"line":3,"column":41}},"3":{"start":{"line":4,"column":0},"end":{"line":4,"column":26}},"4":{"start":{"line":5,"column":0},"end":{"line":5,"column":17}},"5":{"start":{"line":6,"column":0},"end":{"line":6,"column":16}},"6":{"start":{"line":7,"column":0},"end":{"line":7,"column":31}},"7":{"start":{"line":8,"column":0},"end":{"line":8,"column":17}},"8":{"start":{"line":9,"column":0},"end":{"line":9,"column":32}},"9":{"start":{"line":10,"column":0},"end":{"line":10,"column":12}},"10":{"start":{"line":11,"column":0},"end":{"line":11,"column":57}},"11":{"start":{"line":12,"column":0},"end":{"line":12,"column":3}},"12":{"start":{"line":13,"column":0},"end":{"line":13,"column":1}},"13":{"start":{"line":14,"column":0},"end":{"line":14,"column":0}},"14":{"start":{"line":15,"column":0},"end":{"line":15,"column":21}}},"s":{"0":1,"1":1,"2":1,"3":12,"4":12,"5":12,"6":6,"7":12,"8":6,"9":12,"10":0,"11":12,"12":12,"13":1,"14":1},"branchMap":{"0":{"type":"branch","line":3,"loc":{"start":{"line":3,"column":14},"end":{"line":13,"column":1}},"locations":[{"start":{"line":3,"column":14},"end":{"line":13,"column":1}}]},"1":{"type":"branch","line":5,"loc":{"start":{"line":5,"column":4},"end":{"line":5,"column":17}},"locations":[{"start":{"line":5,"column":4},"end":{"line":5,"column":17}}]},"2":{"type":"branch","line":6,"loc":{"start":{"line":6,"column":4},"end":{"line":7,"column":31}},"locations":[{"start":{"line":6,"column":4},"end":{"line":7,"column":31}}]},"3":{"type":"branch","line":8,"loc":{"start":{"line":8,"column":4},"end":{"line":9,"column":32}},"locations":[{"start":{"line":8,"column":4},"end":{"line":9,"column":32}}]},"4":{"type":"branch","line":10,"loc":{"start":{"line":10,"column":4},"end":{"line":11,"column":57}},"locations":[{"start":{"line":10,"column":4},"end":{"line":11,"column":57}}]}},"b":{"0":[12],"1":[0],"2":[6],"3":[6],"4":[0]},"fnMap":{"0":{"name":"parse","decl":{"start":{"line":3,"column":14},"end":{"line":13,"column":1}},"loc":{"start":{"line":3,"column":14},"end":{"line":13,"column":1}},"line":3}},"f":{"0":12}}
,"/mnt/c/users/danii/desktop/2proj/frontend-project-46/src/searchStatus.js": {"path":"/mnt/c/users/danii/desktop/2proj/frontend-project-46/src/searchStatus.js","all":false,"statementMap":{"0":{"start":{"line":1,"column":0},"end":{"line":1,"column":23}},"1":{"start":{"line":2,"column":0},"end":{"line":2,"column":0}},"2":{"start":{"line":3,"column":0},"end":{"line":3,"column":48}},"3":{"start":{"line":4,"column":0},"end":{"line":4,"column":73}},"4":{"start":{"line":5,"column":0},"end":{"line":5,"column":30}},"5":{"start":{"line":6,"column":0},"end":{"line":6,"column":81}},"6":{"start":{"line":7,"column":0},"end":{"line":7,"column":98}},"7":{"start":{"line":8,"column":0},"end":{"line":8,"column":9}},"8":{"start":{"line":9,"column":0},"end":{"line":9,"column":0}},"9":{"start":{"line":10,"column":0},"end":{"line":10,"column":37}},"10":{"start":{"line":11,"column":0},"end":{"line":11,"column":69}},"11":{"start":{"line":12,"column":0},"end":{"line":12,"column":11}},"12":{"start":{"line":13,"column":0},"end":{"line":13,"column":6}},"13":{"start":{"line":14,"column":0},"end":{"line":14,"column":39}},"14":{"start":{"line":15,"column":0},"end":{"line":15,"column":65}},"15":{"start":{"line":16,"column":0},"end":{"line":16,"column":11}},"16":{"start":{"line":17,"column":0},"end":{"line":17,"column":6}},"17":{"start":{"line":18,"column":0},"end":{"line":18,"column":58}},"18":{"start":{"line":19,"column":0},"end":{"line":19,"column":72}},"19":{"start":{"line":20,"column":0},"end":{"line":20,"column":11}},"20":{"start":{"line":21,"column":0},"end":{"line":21,"column":18}},"21":{"start":{"line":22,"column":0},"end":{"line":22,"column":16}},"22":{"start":{"line":23,"column":0},"end":{"line":23,"column":30}},"23":{"start":{"line":24,"column":0},"end":{"line":24,"column":37}},"24":{"start":{"line":25,"column":0},"end":{"line":25,"column":37}},"25":{"start":{"line":26,"column":0},"end":{"line":26,"column":12}},"26":{"start":{"line":27,"column":0},"end":{"line":27,"column":7}},"27":{"start":{"line":28,"column":0},"end":{"line":28,"column":2}},"28":{"start":{"line":29,"column":0},"end":{"line":29,"column":0}},"29":{"start":{"line":30,"column":0},"end":{"line":30,"column":28}}},"s":{"0":1,"1":1,"2":1,"3":30,"4":30,"5":108,"6":24,"7":24,"8":84,"9":108,"10":12,"11":12,"12":72,"13":108,"14":30,"15":30,"16":42,"17":108,"18":18,"19":18,"20":24,"21":24,"22":24,"23":24,"24":24,"25":24,"26":30,"27":30,"28":1,"29":1},"branchMap":{"0":{"type":"branch","line":3,"loc":{"start":{"line":3,"column":21},"end":{"line":28,"column":2}},"locations":[{"start":{"line":3,"column":21},"end":{"line":28,"column":2}}]},"1":{"type":"branch","line":5,"loc":{"start":{"line":5,"column":21},"end":{"line":27,"column":5}},"locations":[{"start":{"line":5,"column":21},"end":{"line":27,"column":5}}]},"2":{"type":"branch","line":6,"loc":{"start":{"line":6,"column":43},"end":{"line":6,"column":78}},"locations":[{"start":{"line":6,"column":43},"end":{"line":6,"column":78}}]},"3":{"type":"branch","line":6,"loc":{"start":{"line":6,"column":80},"end":{"line":8,"column":9}},"locations":[{"start":{"line":6,"column":80},"end":{"line":8,"column":9}}]},"4":{"type":"branch","line":8,"loc":{"start":{"line":8,"column":8},"end":{"line":10,"column":36}},"locations":[{"start":{"line":8,"column":8},"end":{"line":10,"column":36}}]},"5":{"type":"branch","line":10,"loc":{"start":{"line":10,"column":36},"end":{"line":12,"column":11}},"locations":[{"start":{"line":10,"column":36},"end":{"line":12,"column":11}}]},"6":{"type":"branch","line":12,"loc":{"start":{"line":12,"column":10},"end":{"line":14,"column":38}},"locations":[{"start":{"line":12,"column":10},"end":{"line":14,"column":38}}]},"7":{"type":"branch","line":14,"loc":{"start":{"line":14,"column":38},"end":{"line":16,"column":11}},"locations":[{"start":{"line":14,"column":38},"end":{"line":16,"column":11}}]},"8":{"type":"branch","line":16,"loc":{"start":{"line":16,"column":10},"end":{"line":18,"column":57}},"locations":[{"start":{"line":16,"column":10},"end":{"line":18,"column":57}}]},"9":{"type":"branch","line":18,"loc":{"start":{"line":18,"column":57},"end":{"line":20,"column":11}},"locations":[{"start":{"line":18,"column":57},"end":{"line":20,"column":11}}]},"10":{"type":"branch","line":20,"loc":{"start":{"line":20,"column":10},"end":{"line":27,"column":5}},"locations":[{"start":{"line":20,"column":10},"end":{"line":27,"column":5}}]}},"b":{"0":[30],"1":[108],"2":[36],"3":[24],"4":[84],"5":[12],"6":[72],"7":[30],"8":[42],"9":[18],"10":[24]},"fnMap":{"0":{"name":"searchStatus","decl":{"start":{"line":3,"column":21},"end":{"line":28,"column":2}},"loc":{"start":{"line":3,"column":21},"end":{"line":28,"column":2}},"line":3}},"f":{"0":30}}
,"/mnt/c/users/danii/desktop/2proj/frontend-project-46/src/formatters/index.js": {"path":"/mnt/c/users/danii/desktop/2proj/frontend-project-46/src/formatters/index.js","all":false,"statementMap":{"0":{"start":{"line":1,"column":0},"end":{"line":1,"column":35}},"1":{"start":{"line":2,"column":0},"end":{"line":2,"column":39}},"2":{"start":{"line":3,"column":0},"end":{"line":3,"column":33}},"3":{"start":{"line":4,"column":0},"end":{"line":4,"column":0}},"4":{"start":{"line":5,"column":0},"end":{"line":5,"column":40}},"5":{"start":{"line":6,"column":0},"end":{"line":6,"column":0}},"6":{"start":{"line":7,"column":0},"end":{"line":7,"column":20}},"7":{"start":{"line":8,"column":0},"end":{"line":8,"column":23}},"8":{"start":{"line":9,"column":0},"end":{"line":9,"column":35}},"9":{"start":{"line":10,"column":0},"end":{"line":10,"column":21}},"10":{"start":{"line":11,"column":0},"end":{"line":11,"column":33}},"11":{"start":{"line":12,"column":0},"end":{"line":12,"column":20}},"12":{"start":{"line":13,"column":0},"end":{"line":13,"column":32}},"13":{"start":{"line":14,"column":0},"end":{"line":14,"column":16}},"14":{"start":{"line":15,"column":0},"end":{"line":15,"column":50}},"15":{"start":{"line":16,"column":0},"end":{"line":16,"column":7}},"16":{"start":{"line":17,"column":0},"end":{"line":17,"column":1}},"17":{"start":{"line":18,"column":0},"end":{"line":18,"column":0}},"18":{"start":{"line":19,"column":0},"end":{"line":19,"column":29}}},"s":{"0":1,"1":1,"2":1,"3":1,"4":1,"5":6,"6":6,"7":6,"8":2,"9":6,"10":2,"11":6,"12":2,"13":6,"14":0,"15":6,"16":6,"17":1,"18":1},"branchMap":{"0":{"type":"branch","line":5,"loc":{"start":{"line":5,"column":21},"end":{"line":17,"column":1}},"locations":[{"start":{"line":5,"column":21},"end":{"line":17,"column":1}}]},"1":{"type":"branch","line":8,"loc":{"start":{"line":8,"column":8},"end":{"line":9,"column":35}},"locations":[{"start":{"line":8,"column":8},"end":{"line":9,"column":35}}]},"2":{"type":"branch","line":10,"loc":{"start":{"line":10,"column":8},"end":{"line":11,"column":33}},"locations":[{"start":{"line":10,"column":8},"end":{"line":11,"column":33}}]},"3":{"type":"branch","line":12,"loc":{"start":{"line":12,"column":8},"end":{"line":13,"column":32}},"locations":[{"start":{"line":12,"column":8},"end":{"line":13,"column":32}}]},"4":{"type":"branch","line":14,"loc":{"start":{"line":14,"column":8},"end":{"line":15,"column":50}},"locations":[{"start":{"line":14,"column":8},"end":{"line":15,"column":50}}]}},"b":{"0":[6],"1":[2],"2":[2],"3":[2],"4":[0]},"fnMap":{"0":{"name":"formateChoice","decl":{"start":{"line":5,"column":21},"end":{"line":17,"column":1}},"loc":{"start":{"line":5,"column":21},"end":{"line":17,"column":1}},"line":5}},"f":{"0":6}}
,"/mnt/c/users/danii/desktop/2proj/frontend-project-46/src/formatters/json.js": {"path":"/mnt/c/users/danii/desktop/2proj/frontend-project-46/src/formatters/json.js","all":false,"statementMap":{"0":{"start":{"line":1,"column":0},"end":{"line":1,"column":23}},"1":{"start":{"line":2,"column":0},"end":{"line":2,"column":0}},"2":{"start":{"line":3,"column":0},"end":{"line":3,"column":29}},"3":{"start":{"line":4,"column":0},"end":{"line":4,"column":39}},"4":{"start":{"line":5,"column":0},"end":{"line":5,"column":35}},"5":{"start":{"line":6,"column":0},"end":{"line":6,"column":1}},"6":{"start":{"line":7,"column":0},"end":{"line":7,"column":0}},"7":{"start":{"line":8,"column":0},"end":{"line":8,"column":24}}},"s":{"0":1,"1":1,"2":1,"3":2,"4":2,"5":2,"6":1,"7":1},"branchMap":{"0":{"type":"branch","line":3,"loc":{"start":{"line":3,"column":18},"end":{"line":6,"column":1}},"locations":[{"start":{"line":3,"column":18},"end":{"line":6,"column":1}}]}},"b":{"0":[2]},"fnMap":{"0":{"name":"makeJson","decl":{"start":{"line":3,"column":18},"end":{"line":6,"column":1}},"loc":{"start":{"line":3,"column":18},"end":{"line":6,"column":1}},"line":3}},"f":{"0":2}}
,"/mnt/c/users/danii/desktop/2proj/frontend-project-46/src/formatters/plain.js": {"path":"/mnt/c/users/danii/desktop/2proj/frontend-project-46/src/formatters/plain.js","all":false,"statementMap":{"0":{"start":{"line":1,"column":0},"end":{"line":1,"column":23}},"1":{"start":{"line":2,"column":0},"end":{"line":2,"column":0}},"2":{"start":{"line":3,"column":0},"end":{"line":3,"column":32}},"3":{"start":{"line":4,"column":0},"end":{"line":4,"column":33}},"4":{"start":{"line":5,"column":0},"end":{"line":5,"column":33}},"5":{"start":{"line":6,"column":0},"end":{"line":6,"column":5}},"6":{"start":{"line":7,"column":0},"end":{"line":7,"column":61}},"7":{"start":{"line":8,"column":0},"end":{"line":8,"column":3}},"8":{"start":{"line":9,"column":0},"end":{"line":9,"column":0}},"9":{"start":{"line":10,"column":0},"end":{"line":10,"column":30}},"10":{"start":{"line":11,"column":0},"end":{"line":11,"column":39}},"11":{"start":{"line":12,"column":0},"end":{"line":12,"column":0}},"12":{"start":{"line":13,"column":0},"end":{"line":13,"column":43}},"13":{"start":{"line":14,"column":0},"end":{"line":14,"column":102}},"14":{"start":{"line":15,"column":0},"end":{"line":15,"column":50}},"15":{"start":{"line":16,"column":0},"end":{"line":16,"column":45}},"16":{"start":{"line":17,"column":0},"end":{"line":17,"column":0}},"17":{"start":{"line":18,"column":0},"end":{"line":18,"column":33}},"18":{"start":{"line":19,"column":0},"end":{"line":19,"column":27}},"19":{"start":{"line":20,"column":0},"end":{"line":20,"column":97}},"20":{"start":{"line":21,"column":0},"end":{"line":21,"column":31}},"21":{"start":{"line":22,"column":0},"end":{"line":22,"column":60}},"22":{"start":{"line":23,"column":0},"end":{"line":23,"column":31}},"23":{"start":{"line":24,"column":0},"end":{"line":24,"column":129}},"24":{"start":{"line":25,"column":0},"end":{"line":25,"column":30}},"25":{"start":{"line":26,"column":0},"end":{"line":26,"column":58}},"26":{"start":{"line":27,"column":0},"end":{"line":27,"column":24}},"27":{"start":{"line":28,"column":0},"end":{"line":28,"column":66}},"28":{"start":{"line":29,"column":0},"end":{"line":29,"column":13}},"29":{"start":{"line":30,"column":0},"end":{"line":30,"column":10}},"30":{"start":{"line":31,"column":0},"end":{"line":31,"column":35}},"31":{"start":{"line":32,"column":0},"end":{"line":32,"column":5}},"32":{"start":{"line":33,"column":0},"end":{"line":33,"column":28}},"33":{"start":{"line":34,"column":0},"end":{"line":34,"column":2}},"34":{"start":{"line":35,"column":0},"end":{"line":35,"column":0}},"35":{"start":{"line":36,"column":0},"end":{"line":36,"column":25}}},"s":{"0":1,"1":1,"2":1,"3":26,"4":6,"5":6,"6":26,"7":26,"8":1,"9":1,"10":2,"11":2,"12":2,"13":10,"14":30,"15":30,"16":30,"17":30,"18":30,"19":10,"20":30,"21":4,"22":30,"23":8,"24":30,"25":8,"26":30,"27":0,"28":30,"29":10,"30":10,"31":10,"32":2,"33":2,"34":1,"35":1},"branchMap":{"0":{"type":"branch","line":3,"loc":{"start":{"line":3,"column":21},"end":{"line":8,"column":3}},"locations":[{"start":{"line":3,"column":21},"end":{"line":8,"column":3}}]},"1":{"type":"branch","line":4,"loc":{"start":{"line":4,"column":32},"end":{"line":6,"column":5}},"locations":[{"start":{"line":4,"column":32},"end":{"line":6,"column":5}}]},"2":{"type":"branch","line":6,"loc":{"start":{"line":6,"column":4},"end":{"line":7,"column":41}},"locations":[{"start":{"line":6,"column":4},"end":{"line":7,"column":41}}]},"3":{"type":"branch","line":7,"loc":{"start":{"line":7,"column":37},"end":{"line":7,"column":52}},"locations":[{"start":{"line":7,"column":37},"end":{"line":7,"column":52}}]},"4":{"type":"branch","line":7,"loc":{"start":{"line":7,"column":52},"end":{"line":7,"column":60}},"locations":[{"start":{"line":7,"column":52},"end":{"line":7,"column":60}}]},"5":{"type":"branch","line":10,"loc":{"start":{"line":10,"column":19},"end":{"line":34,"column":2}},"locations":[{"start":{"line":10,"column":19},"end":{"line":34,"column":2}}]},"6":{"type":"branch","line":13,"loc":{"start":{"line":13,"column":17},"end":{"line":32,"column":5}},"locations":[{"start":{"line":13,"column":17},"end":{"line":32,"column":5}}]},"7":{"type":"branch","line":14,"loc":{"start":{"line":14,"column":46},"end":{"line":14,"column":85}},"locations":[{"start":{"line":14,"column":46},"end":{"line":14,"column":85}}]},"8":{"type":"branch","line":14,"loc":{"start":{"line":14,"column":92},"end":{"line":30,"column":9}},"locations":[{"start":{"line":14,"column":92},"end":{"line":30,"column":9}}]},"9":{"type":"branch","line":19,"loc":{"start":{"line":19,"column":16},"end":{"line":20,"column":97}},"locations":[{"start":{"line":19,"column":16},"end":{"line":20,"column":97}}]},"10":{"type":"branch","line":21,"loc":{"start":{"line":21,"column":16},"end":{"line":22,"column":60}},"locations":[{"start":{"line":21,"column":16},"end":{"line":22,"column":60}}]},"11":{"type":"branch","line":23,"loc":{"start":{"line":23,"column":16},"end":{"line":24,"column":129}},"locations":[{"start":{"line":23,"column":16},"end":{"line":24,"column":129}}]},"12":{"type":"branch","line":25,"loc":{"start":{"line":25,"column":16},"end":{"line":26,"column":58}},"locations":[{"start":{"line":25,"column":16},"end":{"line":26,"column":58}}]},"13":{"type":"branch","line":27,"loc":{"start":{"line":27,"column":16},"end":{"line":28,"column":66}},"locations":[{"start":{"line":27,"column":16},"end":{"line":28,"column":66}}]}},"b":{"0":[26],"1":[6],"2":[20],"3":[14],"4":[6],"5":[2],"6":[10],"7":[36],"8":[30],"9":[10],"10":[4],"11":[8],"12":[8],"13":[0]},"fnMap":{"0":{"name":"outputValue","decl":{"start":{"line":3,"column":21},"end":{"line":8,"column":3}},"loc":{"start":{"line":3,"column":21},"end":{"line":8,"column":3}},"line":3},"1":{"name":"makePlain","decl":{"start":{"line":10,"column":19},"end":{"line":34,"column":2}},"loc":{"start":{"line":10,"column":19},"end":{"line":34,"column":2}},"line":10},"2":{"name":"iter","decl":{"start":{"line":13,"column":17},"end":{"line":32,"column":5}},"loc":{"start":{"line":13,"column":17},"end":{"line":32,"column":5}},"line":13}},"f":{"0":26,"1":2,"2":10}}
,"/mnt/c/users/danii/desktop/2proj/frontend-project-46/src/formatters/stylish.js": {"path":"/mnt/c/users/danii/desktop/2proj/frontend-project-46/src/formatters/stylish.js","all":false,"statementMap":{"0":{"start":{"line":1,"column":0},"end":{"line":1,"column":23}},"1":{"start":{"line":2,"column":0},"end":{"line":2,"column":0}},"2":{"start":{"line":3,"column":0},"end":{"line":3,"column":0}},"3":{"start":{"line":4,"column":0},"end":{"line":4,"column":35}},"4":{"start":{"line":5,"column":0},"end":{"line":5,"column":44}},"5":{"start":{"line":6,"column":0},"end":{"line":6,"column":27}},"6":{"start":{"line":7,"column":0},"end":{"line":7,"column":17}},"7":{"start":{"line":8,"column":0},"end":{"line":8,"column":5}},"8":{"start":{"line":9,"column":0},"end":{"line":9,"column":2}},"9":{"start":{"line":10,"column":0},"end":{"line":10,"column":61}},"10":{"start":{"line":11,"column":0},"end":{"line":11,"column":31}},"11":{"start":{"line":12,"column":0},"end":{"line":12,"column":48}},"12":{"start":{"line":13,"column":0},"end":{"line":13,"column":7}},"13":{"start":{"line":14,"column":0},"end":{"line":14,"column":2}},"14":{"start":{"line":15,"column":0},"end":{"line":15,"column":68}},"15":{"start":{"line":16,"column":0},"end":{"line":16,"column":7}},"16":{"start":{"line":17,"column":0},"end":{"line":17,"column":4}},"17":{"start":{"line":18,"column":0},"end":{"line":18,"column":45}},"18":{"start":{"line":19,"column":0},"end":{"line":19,"column":53}},"19":{"start":{"line":20,"column":0},"end":{"line":20,"column":4}},"20":{"start":{"line":21,"column":0},"end":{"line":21,"column":0}},"21":{"start":{"line":22,"column":0},"end":{"line":22,"column":42}},"22":{"start":{"line":23,"column":0},"end":{"line":23,"column":59}},"23":{"start":{"line":24,"column":0},"end":{"line":24,"column":40}},"24":{"start":{"line":25,"column":0},"end":{"line":25,"column":18}},"25":{"start":{"line":26,"column":0},"end":{"line":26,"column":32}},"26":{"start":{"line":27,"column":0},"end":{"line":27,"column":31}},"27":{"start":{"line":28,"column":0},"end":{"line":28,"column":47}},"28":{"start":{"line":29,"column":0},"end":{"line":29,"column":9}},"29":{"start":{"line":30,"column":0},"end":{"line":30,"column":45}},"30":{"start":{"line":31,"column":0},"end":{"line":31,"column":59}},"31":{"start":{"line":32,"column":0},"end":{"line":32,"column":57}},"32":{"start":{"line":33,"column":0},"end":{"line":33,"column":45}},"33":{"start":{"line":34,"column":0},"end":{"line":34,"column":9}},"34":{"start":{"line":35,"column":0},"end":{"line":35,"column":49}},"35":{"start":{"line":36,"column":0},"end":{"line":36,"column":100}},"36":{"start":{"line":37,"column":0},"end":{"line":37,"column":47}},"37":{"start":{"line":38,"column":0},"end":{"line":38,"column":186}},"38":{"start":{"line":39,"column":0},"end":{"line":39,"column":43}},"39":{"start":{"line":40,"column":0},"end":{"line":40,"column":100}},"40":{"start":{"line":41,"column":0},"end":{"line":41,"column":47}},"41":{"start":{"line":42,"column":0},"end":{"line":42,"column":100}},"42":{"start":{"line":43,"column":0},"end":{"line":43,"column":8}},"43":{"start":{"line":44,"column":0},"end":{"line":44,"column":4}},"44":{"start":{"line":45,"column":0},"end":{"line":45,"column":14}},"45":{"start":{"line":46,"column":0},"end":{"line":46,"column":1}},"46":{"start":{"line":47,"column":0},"end":{"line":47,"column":0}},"47":{"start":{"line":48,"column":0},"end":{"line":48,"column":32}},"48":{"start":{"line":49,"column":0},"end":{"line":49,"column":22}},"49":{"start":{"line":50,"column":0},"end":{"line":50,"column":43}},"50":{"start":{"line":51,"column":0},"end":{"line":51,"column":0}},"51":{"start":{"line":52,"column":0},"end":{"line":52,"column":38}},"52":{"start":{"line":53,"column":0},"end":{"line":53,"column":39}},"53":{"start":{"line":54,"column":0},"end":{"line":54,"column":44}},"54":{"start":{"line":55,"column":0},"end":{"line":55,"column":51}},"55":{"start":{"line":56,"column":0},"end":{"line":56,"column":29}},"56":{"start":{"line":57,"column":0},"end":{"line":57,"column":9}},"57":{"start":{"line":58,"column":0},"end":{"line":58,"column":45}},"58":{"start":{"line":59,"column":0},"end":{"line":59,"column":41}},"59":{"start":{"line":60,"column":0},"end":{"line":60,"column":57}},"60":{"start":{"line":61,"column":0},"end":{"line":61,"column":9}},"61":{"start":{"line":62,"column":0},"end":{"line":62,"column":51}},"62":{"start":{"line":63,"column":0},"end":{"line":63,"column":41}},"63":{"start":{"line":64,"column":0},"end":{"line":64,"column":46}},"64":{"start":{"line":65,"column":0},"end":{"line":65,"column":9}},"65":{"start":{"line":66,"column":0},"end":{"line":66,"column":21}},"66":{"start":{"line":67,"column":0},"end":{"line":67,"column":8}},"67":{"start":{"line":68,"column":0},"end":{"line":68,"column":5}},"68":{"start":{"line":69,"column":0},"end":{"line":69,"column":0}},"69":{"start":{"line":70,"column":0},"end":{"line":70,"column":23}},"70":{"start":{"line":71,"column":0},"end":{"line":71,"column":1}},"71":{"start":{"line":72,"column":0},"end":{"line":72,"column":0}},"72":{"start":{"line":73,"column":0},"end":{"line":73,"column":27}}},"s":{"0":1,"1":1,"2":1,"3":1,"4":42,"5":42,"6":28,"7":28,"8":14,"9":14,"10":18,"11":12,"12":12,"13":6,"14":6,"15":14,"16":14,"17":14,"18":14,"19":14,"20":1,"21":1,"22":8,"23":8,"24":8,"25":8,"26":28,"27":0,"28":0,"29":28,"30":4,"31":4,"32":4,"33":4,"34":24,"35":6,"36":24,"37":8,"38":18,"39":8,"40":10,"41":2,"42":2,"43":28,"44":8,"45":8,"46":1,"47":1,"48":2,"49":2,"50":2,"51":2,"52":8,"53":4,"54":4,"55":4,"56":4,"57":4,"58":2,"59":2,"60":2,"61":2,"62":2,"63":2,"64":2,"65":8,"66":8,"67":8,"68":2,"69":2,"70":2,"71":1,"72":1},"branchMap":{"0":{"type":"branch","line":4,"loc":{"start":{"line":4,"column":18},"end":{"line":20,"column":4}},"locations":[{"start":{"line":4,"column":18},"end":{"line":20,"column":4}}]},"1":{"type":"branch","line":6,"loc":{"start":{"line":6,"column":26},"end":{"line":8,"column":5}},"locations":[{"start":{"line":6,"column":26},"end":{"line":8,"column":5}}]},"2":{"type":"branch","line":8,"loc":{"start":{"line":8,"column":4},"end":{"line":20,"column":4}},"locations":[{"start":{"line":8,"column":4},"end":{"line":20,"column":4}}]},"3":{"type":"branch","line":10,"loc":{"start":{"line":10,"column":42},"end":{"line":16,"column":5}},"locations":[{"start":{"line":10,"column":42},"end":{"line":16,"column":5}}]},"4":{"type":"branch","line":11,"loc":{"start":{"line":11,"column":30},"end":{"line":13,"column":7}},"locations":[{"start":{"line":11,"column":30},"end":{"line":13,"column":7}}]},"5":{"type":"branch","line":13,"loc":{"start":{"line":13,"column":6},"end":{"line":16,"column":5}},"locations":[{"start":{"line":13,"column":6},"end":{"line":16,"column":5}}]},"6":{"type":"branch","line":22,"loc":{"start":{"line":22,"column":20},"end":{"line":46,"column":1}},"locations":[{"start":{"line":22,"column":20},"end":{"line":46,"column":1}}]},"7":{"type":"branch","line":26,"loc":{"start":{"line":26,"column":31},"end":{"line":44,"column":4}},"locations":[{"start":{"line":26,"column":31},"end":{"line":44,"column":4}}]},"8":{"type":"branch","line":27,"loc":{"start":{"line":27,"column":30},"end":{"line":29,"column":9}},"locations":[{"start":{"line":27,"column":30},"end":{"line":29,"column":9}}]},"9":{"type":"branch","line":30,"loc":{"start":{"line":30,"column":44},"end":{"line":34,"column":9}},"locations":[{"start":{"line":30,"column":44},"end":{"line":34,"column":9}}]},"10":{"type":"branch","line":35,"loc":{"start":{"line":35,"column":-2},"end":{"line":43,"column":8}},"locations":[{"start":{"line":35,"column":-2},"end":{"line":43,"column":8}}]},"11":{"type":"branch","line":35,"loc":{"start":{"line":35,"column":48},"end":{"line":37,"column":8}},"locations":[{"start":{"line":35,"column":48},"end":{"line":37,"column":8}}]},"12":{"type":"branch","line":37,"loc":{"start":{"line":37,"column":8},"end":{"line":43,"column":8}},"locations":[{"start":{"line":37,"column":8},"end":{"line":43,"column":8}}]},"13":{"type":"branch","line":37,"loc":{"start":{"line":37,"column":46},"end":{"line":39,"column":8}},"locations":[{"start":{"line":37,"column":46},"end":{"line":39,"column":8}}]},"14":{"type":"branch","line":39,"loc":{"start":{"line":39,"column":8},"end":{"line":43,"column":8}},"locations":[{"start":{"line":39,"column":8},"end":{"line":43,"column":8}}]},"15":{"type":"branch","line":39,"loc":{"start":{"line":39,"column":42},"end":{"line":41,"column":8}},"locations":[{"start":{"line":39,"column":42},"end":{"line":41,"column":8}}]},"16":{"type":"branch","line":41,"loc":{"start":{"line":41,"column":8},"end":{"line":43,"column":8}},"locations":[{"start":{"line":41,"column":8},"end":{"line":43,"column":8}}]},"17":{"type":"branch","line":48,"loc":{"start":{"line":48,"column":21},"end":{"line":71,"column":1}},"locations":[{"start":{"line":48,"column":21},"end":{"line":71,"column":1}}]},"18":{"type":"branch","line":52,"loc":{"start":{"line":52,"column":37},"end":{"line":68,"column":5}},"locations":[{"start":{"line":52,"column":37},"end":{"line":68,"column":5}}]},"19":{"type":"branch","line":53,"loc":{"start":{"line":53,"column":38},"end":{"line":65,"column":9}},"locations":[{"start":{"line":53,"column":38},"end":{"line":65,"column":9}}]},"20":{"type":"branch","line":58,"loc":{"start":{"line":58,"column":44},"end":{"line":65,"column":9}},"locations":[{"start":{"line":58,"column":44},"end":{"line":65,"column":9}}]}},"b":{"0":[42],"1":[28],"2":[14],"3":[18],"4":[12],"5":[6],"6":[8],"7":[28],"8":[0],"9":[4],"10":[24],"11":[6],"12":[18],"13":[8],"14":[10],"15":[8],"16":[2],"17":[2],"18":[8],"19":[4],"20":[2]},"fnMap":{"0":{"name":"stringify","decl":{"start":{"line":4,"column":18},"end":{"line":20,"column":4}},"loc":{"start":{"line":4,"column":18},"end":{"line":20,"column":4}},"line":4},"1":{"name":"childrenMap","decl":{"start":{"line":22,"column":20},"end":{"line":46,"column":1}},"loc":{"start":{"line":22,"column":20},"end":{"line":46,"column":1}},"line":22},"2":{"name":"makeStylish","decl":{"start":{"line":48,"column":21},"end":{"line":71,"column":1}},"loc":{"start":{"line":48,"column":21},"end":{"line":71,"column":1}},"line":48}},"f":{"0":42,"1":8,"2":2}}
}
