TN:
SF:src/genDiff.js
FN:8,getExtension
FN:10,getParsedData
FN:12,genDiff
FNF:3
FNH:3
FNDA:12,getExtension
FNDA:12,getParsedData
FNDA:6,genDiff
DA:1,1
DA:2,1
DA:3,1
DA:4,1
DA:5,1
DA:6,1
DA:7,1
DA:8,1
DA:9,1
DA:10,1
DA:11,1
DA:12,1
DA:13,6
DA:14,6
DA:15,6
DA:16,6
DA:17,6
DA:18,6
DA:19,6
DA:20,1
DA:21,1
LF:21
LH:21
BRDA:8,0,0,12
BRDA:10,1,0,12
BRDA:12,2,0,6
BRF:3
BRH:3
end_of_record
TN:
SF:src/parsers.js
FN:3,parse
FNF:1
FNH:1
FNDA:12,parse
DA:1,1
DA:2,1
DA:3,1
DA:4,12
DA:5,12
DA:6,12
DA:7,6
DA:8,12
DA:9,6
DA:10,12
DA:11,0
DA:12,12
DA:13,12
DA:14,1
DA:15,1
LF:15
LH:14
BRDA:3,0,0,12
BRDA:5,1,0,0
BRDA:6,2,0,6
BRDA:8,3,0,6
BRDA:10,4,0,0
BRF:5
BRH:3
end_of_record
TN:
SF:src/searchStatus.js
FN:3,searchStatus
FNF:1
FNH:1
FNDA:30,searchStatus
DA:1,1
DA:2,1
DA:3,1
DA:4,30
DA:5,30
DA:6,108
DA:7,24
DA:8,24
DA:9,84
DA:10,108
DA:11,12
DA:12,12
DA:13,72
DA:14,108
DA:15,30
DA:16,30
DA:17,42
DA:18,108
DA:19,18
DA:20,18
DA:21,24
DA:22,24
DA:23,24
DA:24,24
DA:25,24
DA:26,24
DA:27,30
DA:28,30
DA:29,1
DA:30,1
LF:30
LH:30
BRDA:3,0,0,30
BRDA:5,1,0,108
BRDA:6,2,0,36
BRDA:6,3,0,24
BRDA:8,4,0,84
BRDA:10,5,0,12
BRDA:12,6,0,72
BRDA:14,7,0,30
BRDA:16,8,0,42
BRDA:18,9,0,18
BRDA:20,10,0,24
BRF:11
BRH:11
end_of_record
TN:
SF:src/formatters/index.js
FN:5,formateChoice
FNF:1
FNH:1
FNDA:6,formateChoice
DA:1,1
DA:2,1
DA:3,1
DA:4,1
DA:5,1
DA:6,6
DA:7,6
DA:8,6
DA:9,2
DA:10,6
DA:11,2
DA:12,6
DA:13,2
DA:14,6
DA:15,0
DA:16,6
DA:17,6
DA:18,1
DA:19,1
LF:19
LH:18
BRDA:5,0,0,6
BRDA:8,1,0,2
BRDA:10,2,0,2
BRDA:12,3,0,2
BRDA:14,4,0,0
BRF:5
BRH:4
end_of_record
TN:
SF:src/formatters/json.js
FN:3,makeJson
FNF:1
FNH:1
FNDA:2,makeJson
DA:1,1
DA:2,1
DA:3,1
DA:4,2
DA:5,2
DA:6,2
DA:7,1
DA:8,1
LF:8
LH:8
BRDA:3,0,0,2
BRF:1
BRH:1
end_of_record
TN:
SF:src/formatters/plain.js
FN:3,outputValue
FN:10,makePlain
FN:13,iter
FNF:3
FNH:3
FNDA:26,outputValue
FNDA:2,makePlain
FNDA:10,iter
DA:1,1
DA:2,1
DA:3,1
DA:4,26
DA:5,6
DA:6,6
DA:7,26
DA:8,26
DA:9,1
DA:10,1
DA:11,2
DA:12,2
DA:13,2
DA:14,10
DA:15,30
DA:16,30
DA:17,30
DA:18,30
DA:19,30
DA:20,10
DA:21,30
DA:22,4
DA:23,30
DA:24,8
DA:25,30
DA:26,8
DA:27,30
DA:28,0
DA:29,30
DA:30,10
DA:31,10
DA:32,10
DA:33,2
DA:34,2
DA:35,1
DA:36,1
LF:36
LH:35
BRDA:3,0,0,26
BRDA:4,1,0,6
BRDA:6,2,0,20
BRDA:7,3,0,14
BRDA:7,4,0,6
BRDA:10,5,0,2
BRDA:13,6,0,10
BRDA:14,7,0,36
BRDA:14,8,0,30
BRDA:19,9,0,10
BRDA:21,10,0,4
BRDA:23,11,0,8
BRDA:25,12,0,8
BRDA:27,13,0,0
BRF:14
BRH:13
end_of_record
TN:
SF:src/formatters/stylish.js
FN:4,stringify
FN:22,childrenMap
FN:48,makeStylish
FNF:3
FNH:3
FNDA:42,stringify
FNDA:8,childrenMap
FNDA:2,makeStylish
DA:1,1
DA:2,1
DA:3,1
DA:4,1
DA:5,42
DA:6,42
DA:7,28
DA:8,28
DA:9,14
DA:10,14
DA:11,18
DA:12,12
DA:13,12
DA:14,6
DA:15,6
DA:16,14
DA:17,14
DA:18,14
DA:19,14
DA:20,14
DA:21,1
DA:22,1
DA:23,8
DA:24,8
DA:25,8
DA:26,8
DA:27,28
DA:28,0
DA:29,0
DA:30,28
DA:31,4
DA:32,4
DA:33,4
DA:34,4
DA:35,24
DA:36,6
DA:37,24
DA:38,8
DA:39,18
DA:40,8
DA:41,10
DA:42,2
DA:43,2
DA:44,28
DA:45,8
DA:46,8
DA:47,1
DA:48,1
DA:49,2
DA:50,2
DA:51,2
DA:52,2
DA:53,8
DA:54,4
DA:55,4
DA:56,4
DA:57,4
DA:58,4
DA:59,2
DA:60,2
DA:61,2
DA:62,2
DA:63,2
DA:64,2
DA:65,2
DA:66,8
DA:67,8
DA:68,8
DA:69,2
DA:70,2
DA:71,2
DA:72,1
DA:73,1
LF:73
LH:71
BRDA:4,0,0,42
BRDA:6,1,0,28
BRDA:8,2,0,14
BRDA:10,3,0,18
BRDA:11,4,0,12
BRDA:13,5,0,6
BRDA:22,6,0,8
BRDA:26,7,0,28
BRDA:27,8,0,0
BRDA:30,9,0,4
BRDA:35,10,0,24
BRDA:35,11,0,6
BRDA:37,12,0,18
BRDA:37,13,0,8
BRDA:39,14,0,10
BRDA:39,15,0,8
BRDA:41,16,0,2
BRDA:48,17,0,2
BRDA:52,18,0,8
BRDA:53,19,0,4
BRDA:58,20,0,2
BRF:21
BRH:20
end_of_record
