TN:
SF:src/genDiff.js
FN:5,parse
FN:7,genDiff
FN:16,findDifference
FN:39,buildResult
FNF:4
FNH:4
FNDA:2,parse
FNDA:1,genDiff
FNDA:1,findDifference
FNDA:1,buildResult
DA:1,1
DA:2,1
DA:3,1
DA:4,1
DA:5,1
DA:6,1
DA:7,1
DA:8,1
DA:9,1
DA:10,1
DA:11,1
DA:12,1
DA:13,1
DA:14,1
DA:15,1
DA:16,1
DA:17,1
DA:18,1
DA:19,1
DA:20,5
DA:21,4
DA:22,3
DA:23,3
DA:24,3
DA:25,4
DA:26,1
DA:27,1
DA:28,5
DA:29,0
DA:30,1
DA:31,1
DA:32,1
DA:33,5
DA:34,1
DA:35,1
DA:36,1
DA:37,1
DA:38,1
DA:39,1
DA:40,1
DA:41,1
DA:42,1
DA:43,5
DA:44,5
DA:45,0
DA:46,0
DA:47,5
DA:48,1
DA:49,1
DA:50,5
DA:51,3
DA:52,3
DA:53,5
DA:54,1
DA:55,1
DA:56,5
DA:57,0
DA:58,5
DA:59,5
DA:60,1
DA:61,1
DA:62,1
DA:63,1
DA:64,1
DA:65,1
DA:66,1
LF:66
LH:62
BRDA:5,0,0,2
BRDA:7,1,0,1
BRDA:16,2,0,1
BRDA:19,3,0,5
BRDA:20,4,0,4
BRDA:20,5,0,4
BRDA:21,6,0,3
BRDA:25,7,0,1
BRDA:28,8,0,1
BRDA:28,9,0,0
BRDA:28,10,0,0
BRDA:39,11,0,1
BRDA:42,12,0,5
BRDA:44,13,0,0
BRDA:47,14,0,1
BRDA:50,15,0,3
BRDA:53,16,0,1
BRDA:56,17,0,0
BRF:18
BRH:14
end_of_record
